<?xml version="1.0" encoding="UTF-8"?>
<!-- Generated by org.testng.reporters.JUnitReportReporter -->
<testsuite hostname="runnervmg1sw1" failures="0" tests="1" name="com.videogamedb.testcase.TC10_POSTUnsuccessfulLogin" time="0.179" errors="0" timestamp="2025-11-24T12:40:34 UTC" skipped="0">
  <testcase classname="com.videogamedb.testcase.TC10_POSTUnsuccessfulLogin" name="testUnsuccessfulLogin" time="0.179"/>
  <system-out/>
</testsuite> <!-- com.videogamedb.testcase.TC10_POSTUnsuccessfulLogin -->
