<?xml version="1.0" encoding="UTF-8"?>
<!-- Generated by org.testng.reporters.JUnitReportReporter -->
<testsuite hostname="runnervmg1sw1" failures="1" tests="1" name="com.videogamedb.testcase.TC05_DELETE" time="0.158" errors="0" timestamp="2025-11-24T15:02:09 UTC" skipped="0">
  <testcase classname="com.videogamedb.testcase.TC05_DELETE" name="testDeleteVideoGame" time="0.158">
    <failure message="expected [Video game deleted	] but found [[{&quot;id&quot;:1,&quot;name&quot;:&quot;Resident Evil 4&quot;,&quot;releaseDate&quot;:&quot;2005-10-01 23:59:59&quot;,&quot;reviewScore&quot;:85,&quot;category&quot;:&quot;Shooter&quot;,&quot;rating&quot;:&quot;Universal&quot;},{&quot;id&quot;:2,&quot;name&quot;:&quot;Gran Turismo 3&quot;,&quot;releaseDate&quot;:&quot;2001-03-10 23:59:59&quot;,&quot;reviewScore&quot;:91,&quot;category&quot;:&quot;Driving&quot;,&quot;rating&quot;:&quot;Universal&quot;},{&quot;id&quot;:3,&quot;name&quot;:&quot;Tetris&quot;,&quot;releaseDate&quot;:&quot;1984-06-25 23:59:59&quot;,&quot;reviewScore&quot;:88,&quot;category&quot;:&quot;Puzzle&quot;,&quot;rating&quot;:&quot;Universal&quot;},{&quot;id&quot;:4,&quot;name&quot;:&quot;Super Mario 64&quot;,&quot;releaseDate&quot;:&quot;1996-10-20 23:59:59&quot;,&quot;reviewScore&quot;:90,&quot;category&quot;:&quot;Platform&quot;,&quot;rating&quot;:&quot;Universal&quot;},{&quot;id&quot;:5,&quot;name&quot;:&quot;The Legend of Zelda: Ocarina of Time&quot;,&quot;releaseDate&quot;:&quot;1998-12-10 23:59:59&quot;,&quot;reviewScore&quot;:93,&quot;category&quot;:&quot;Adventure&quot;,&quot;rating&quot;:&quot;PG-13&quot;},{&quot;id&quot;:6,&quot;name&quot;:&quot;Doom&quot;,&quot;releaseDate&quot;:&quot;1993-02-18 23:59:59&quot;,&quot;reviewScore&quot;:81,&quot;category&quot;:&quot;Shooter&quot;,&quot;rating&quot;:&quot;Mature&quot;},{&quot;id&quot;:7,&quot;name&quot;:&quot;Minecraft&quot;,&quot;releaseDate&quot;:&quot;2011-12-05 23:59:59&quot;,&quot;reviewScore&quot;:77,&quot;category&quot;:&quot;Puzzle&quot;,&quot;rating&quot;:&quot;Universal&quot;},{&quot;id&quot;:8,&quot;name&quot;:&quot;SimCity 2000&quot;,&quot;releaseDate&quot;:&quot;1994-09-11 23:59:59&quot;,&quot;reviewScore&quot;:88,&quot;category&quot;:&quot;Strategy&quot;,&quot;rating&quot;:&quot;Universal&quot;},{&quot;id&quot;:9,&quot;name&quot;:&quot;Final Fantasy VII&quot;,&quot;releaseDate&quot;:&quot;1997-08-20 23:59:59&quot;,&quot;reviewScore&quot;:97,&quot;category&quot;:&quot;RPG&quot;,&quot;rating&quot;:&quot;PG-13&quot;},{&quot;id&quot;:10,&quot;name&quot;:&quot;Grand Theft Auto III&quot;,&quot;releaseDate&quot;:&quot;2001-04-23 23:59:59&quot;,&quot;reviewScore&quot;:90,&quot;category&quot;:&quot;Driving&quot;,&quot;rating&quot;:&quot;Mature&quot;}]]" type="java.lang.AssertionError">
      <![CDATA[java.lang.AssertionError: expected [Video game deleted] but found [[{"id":1,"name":"Resident Evil 4","releaseDate":"2005-10-01 23:59:59","reviewScore":85,"category":"Shooter","rating":"Universal"},{"id":2,"name":"Gran Turismo 3","releaseDate":"2001-03-10 23:59:59","reviewScore":91,"category":"Driving","rating":"Universal"},{"id":3,"name":"Tetris","releaseDate":"1984-06-25 23:59:59","reviewScore":88,"category":"Puzzle","rating":"Universal"},{"id":4,"name":"Super Mario 64","releaseDate":"1996-10-20 23:59:59","reviewScore":90,"category":"Platform","rating":"Universal"},{"id":5,"name":"The Legend of Zelda: Ocarina of Time","releaseDate":"1998-12-10 23:59:59","reviewScore":93,"category":"Adventure","rating":"PG-13"},{"id":6,"name":"Doom","releaseDate":"1993-02-18 23:59:59","reviewScore":81,"category":"Shooter","rating":"Mature"},{"id":7,"name":"Minecraft","releaseDate":"2011-12-05 23:59:59","reviewScore":77,"category":"Puzzle","rating":"Universal"},{"id":8,"name":"SimCity 2000","releaseDate":"1994-09-11 23:59:59","reviewScore":88,"category":"Strategy","rating":"Universal"},{"id":9,"name":"Final Fantasy VII","releaseDate":"1997-08-20 23:59:59","reviewScore":97,"category":"RPG","rating":"PG-13"},{"id":10,"name":"Grand Theft Auto III","releaseDate":"2001-04-23 23:59:59","reviewScore":90,"category":"Driving","rating":"Mature"}]]
at org.testng.Assert.fail(Assert.java:110)
at org.testng.Assert.failNotEquals(Assert.java:1577)
at org.testng.Assert.assertEqualsImpl(Assert.java:149)
at org.testng.Assert.assertEquals(Assert.java:131)
at org.testng.Assert.assertEquals(Assert.java:655)
at org.testng.Assert.assertEquals(Assert.java:665)
at com.videogamedb.testcase.TC05_DELETE.testDeleteVideoGame(TC05_DELETE.java:29)
at java.base/jdk.internal.reflect.NativeMethodAccessorImpl.invoke0(Native Method)
at java.base/jdk.internal.reflect.NativeMethodAccessorImpl.invoke(NativeMethodAccessorImpl.java:77)
at java.base/jdk.internal.reflect.DelegatingMethodAccessorImpl.invoke(DelegatingMethodAccessorImpl.java:43)
at java.base/java.lang.reflect.Method.invoke(Method.java:569)
at org.testng.internal.invokers.MethodInvocationHelper.invokeMethod(MethodInvocationHelper.java:139)
at org.testng.internal.invokers.TestInvoker.invokeMethod(TestInvoker.java:677)
at org.testng.internal.invokers.TestInvoker.invokeTestMethod(TestInvoker.java:221)
at org.testng.internal.invokers.MethodRunner.runInSequence(MethodRunner.java:50)
at org.testng.internal.invokers.TestInvoker$MethodInvocationAgent.invoke(TestInvoker.java:969)
at org.testng.internal.invokers.TestInvoker.invokeTestMethods(TestInvoker.java:194)
at org.testng.internal.invokers.TestMethodWorker.invokeTestMethods(TestMethodWorker.java:148)
at org.testng.internal.invokers.TestMethodWorker.run(TestMethodWorker.java:128)
at java.base/java.util.ArrayList.forEach(ArrayList.java:1511)
at org.testng.TestRunner.privateRun(TestRunner.java:829)
at org.testng.TestRunner.run(TestRunner.java:602)
at org.testng.SuiteRunner.runTest(SuiteRunner.java:437)
at org.testng.SuiteRunner.runSequentially(SuiteRunner.java:431)
at org.testng.SuiteRunner.privateRun(SuiteRunner.java:391)
at org.testng.SuiteRunner.run(SuiteRunner.java:330)
at org.testng.SuiteRunnerWorker.runSuite(SuiteRunnerWorker.java:52)
at org.testng.SuiteRunnerWorker.run(SuiteRunnerWorker.java:95)
at org.testng.TestNG.runSuitesSequentially(TestNG.java:1256)
at org.testng.TestNG.runSuitesLocally(TestNG.java:1176)
at org.testng.TestNG.runSuites(TestNG.java:1099)
at org.testng.TestNG.run(TestNG.java:1067)
at org.apache.maven.surefire.testng.TestNGExecutor.run(TestNGExecutor.java:283)
at org.apache.maven.surefire.testng.TestNGXmlTestSuite.execute(TestNGXmlTestSuite.java:75)
at org.apache.maven.surefire.testng.TestNGProvider.invoke(TestNGProvider.java:120)
at org.apache.maven.surefire.booter.ForkedBooter.invokeProviderInSameClassLoader(ForkedBooter.java:384)
at org.apache.maven.surefire.booter.ForkedBooter.runSuitesInProcess(ForkedBooter.java:345)
at org.apache.maven.surefire.booter.ForkedBooter.execute(ForkedBooter.java:126)
at org.apache.maven.surefire.booter.ForkedBooter.main(ForkedBooter.java:418)
]]>
    </failure>
  </testcase> <!-- testDeleteVideoGame -->
  <system-out/>
</testsuite> <!-- com.videogamedb.testcase.TC05_DELETE -->
