<?xml version="1.0" encoding="UTF-8"?>
<!-- Generated by org.testng.reporters.JUnitReportReporter -->
<testsuite hostname="runnervmg1sw1" failures="0" tests="1" name="com.videogamedb.testcase.TC15_SingleResourceNotFound" time="0.338" errors="0" timestamp="2025-11-24T12:48:24 UTC" skipped="0">
  <testcase classname="com.videogamedb.testcase.TC15_SingleResourceNotFound" name="testSinglrResourceNotFound" time="0.338"/>
  <system-out/>
</testsuite> <!-- com.videogamedb.testcase.TC15_SingleResourceNotFound -->
