<?xml version="1.0" encoding="UTF-8"?>
<testsuite xmlns:xsi="http://www.w3.org/2001/XMLSchema-instance" xsi:noNamespaceSchemaLocation="https://maven.apache.org/surefire/maven-surefire-plugin/xsd/surefire-test-report.xsd" name="TestSuite" time="13.934" tests="16" errors="0" skipped="0" failures="2">
  <properties>
[...]
</properties>
  <testcase name="getSpecificId" classname="com.videogamedb.testcase.TC03_GETaVideoGame" time="2.092"/>
  <testcase name="testDelayResponse" classname="com.videogamedb.testcase.TC11_GETDelayResponse" time="3.385"/>
  <testcase name="testGetReqresList" classname="com.videogamedb.testcase.TC07_GETReqresList" time="0.087"/>
  <testcase name="testSinglrResourceNotFound" classname="com.videogamedb.testcase.TC15_SingleResourceNotFound" time="0.339"/>
  <testcase name="testRegesterReqres" classname="com.videogamedb.testcase.TC08_POSTRegister" time="0.714"/>
  <testcase name="post" classname="com.videogamedb.testcase.sample" time="1.807"/>
  <testcase name="testLoginReqres" classname="com.videogamedb.testcase.TC09_POSTLoginReqres" time="0.303"/>
  <testcase name="testResourceList" classname="com.videogamedb.testcase.TC13_GETResourceList" time="0.324"/>
  <testcase name="getVideoGameList" classname="com.videogamedb.testcase.TC01_GETVideoGameLIst" time="0.483"/>
  <testcase name="putRequest" classname="com.videogamedb.testcase.TC04_PUT" time="0.351">
    <failure message="expected [200] but found [405]" type="java.lang.AssertionError">java.lang.AssertionError: expected [200] but found [405]
	at com.videogamedb.testcase.TC04_PUT.putRequest(TC04_PUT.java:35)
</failure>
    <system-out><![CDATA[Request method:	POST
Request URI:	https://www.videogamedb.uk:443/api/authenticate
Proxy:			<none>
Request params:	<none>
Query params:	<none>
Form params:	<none>
Path params:	<none>
Headers:		Accept=*/*
				Content-Type=application/json
Cookies:		<none>
Multiparts:		<none>
Body:
{
    "password": "admin",
    "username": "admin"
}
Request method:	POST
Request URI:	https://www.videogamedb.uk:443/api/videogame/1
Proxy:			<none>
Request params:	<none>
Query params:	<none>
Form params:	<none>
Path params:	id=1
Headers:		Authorization=Bearer eyJhbGciOiJIUzI1NiJ9.eyJzdWIiOiJhZG1pbiIsImlhdCI6MTc2Mzk4Nzc0OSwiZXhwIjoxNzYzOTkxMzQ5fQ.AkCIZ5b0ijt9RAksmycgjjrs_Js8QkAHZp0eaJWqSo4
				Accept=*/*
				Content-Type=application/json
Cookies:		<none>
Multiparts:		<none>
Body:
{
    "category": "Platform",
    "name": "Mario",
    "rating": "Mature",
    "releaseDate": "2012-05-04",
    "reviewScore": 85
}
]]></system-out>
  </testcase>
  <testcase name="testUnsuccessfulLogin" classname="com.videogamedb.testcase.TC10_POSTUnsuccessfulLogin" time="0.317"/>
  <testcase name="postRequest" classname="com.videogamedb.testcase.TC02_POST" time="0.333"/>
  <testcase name="testCreateReqres" classname="com.videogamedb.testcase.TC06_CreeateReqres" time="0.175"/>
  <testcase name="testRegesterReqres" classname="com.videogamedb.testcase.TC12_POSTUnsuccessfulRegister" time="0.291"/>
  <testcase name="testSinglrResource" classname="com.videogamedb.testcase.TC14_GETSingleResource" time="0.306"/>
  <testcase name="testDeleteVideoGame" classname="com.videogamedb.testcase.TC05_DELETE" time="0.399">
    <failure message="expected [Video game deleted	] but found [[{&quot;id&quot;:1,&quot;name&quot;:&quot;Resident Evil 4&quot;,&quot;releaseDate&quot;:&quot;2005-10-01 23:59:59&quot;,&quot;reviewScore&quot;:85,&quot;category&quot;:&quot;Shooter&quot;,&quot;rating&quot;:&quot;Universal&quot;},{&quot;id&quot;:2,&quot;name&quot;:&quot;Gran Turismo 3&quot;,&quot;releaseDate&quot;:&quot;2001-03-10 23:59:59&quot;,&quot;reviewScore&quot;:91,&quot;category&quot;:&quot;Driving&quot;,&quot;rating&quot;:&quot;Universal&quot;},{&quot;id&quot;:3,&quot;name&quot;:&quot;Tetris&quot;,&quot;releaseDate&quot;:&quot;1984-06-25 23:59:59&quot;,&quot;reviewScore&quot;:88,&quot;category&quot;:&quot;Puzzle&quot;,&quot;rating&quot;:&quot;Universal&quot;},{&quot;id&quot;:4,&quot;name&quot;:&quot;Super Mario 64&quot;,&quot;releaseDate&quot;:&quot;1996-10-20 23:59:59&quot;,&quot;reviewScore&quot;:90,&quot;category&quot;:&quot;Platform&quot;,&quot;rating&quot;:&quot;Universal&quot;},{&quot;id&quot;:5,&quot;name&quot;:&quot;The Legend of Zelda: Ocarina of Time&quot;,&quot;releaseDate&quot;:&quot;1998-12-10 23:59:59&quot;,&quot;reviewScore&quot;:93,&quot;category&quot;:&quot;Adventure&quot;,&quot;rating&quot;:&quot;PG-13&quot;},{&quot;id&quot;:6,&quot;name&quot;:&quot;Doom&quot;,&quot;releaseDate&quot;:&quot;1993-02-18 23:59:59&quot;,&quot;reviewScore&quot;:81,&quot;category&quot;:&quot;Shooter&quot;,&quot;rating&quot;:&quot;Mature&quot;},{&quot;id&quot;:7,&quot;name&quot;:&quot;Minecraft&quot;,&quot;releaseDate&quot;:&quot;2011-12-05 23:59:59&quot;,&quot;reviewScore&quot;:77,&quot;category&quot;:&quot;Puzzle&quot;,&quot;rating&quot;:&quot;Universal&quot;},{&quot;id&quot;:8,&quot;name&quot;:&quot;SimCity 2000&quot;,&quot;releaseDate&quot;:&quot;1994-09-11 23:59:59&quot;,&quot;reviewScore&quot;:88,&quot;category&quot;:&quot;Strategy&quot;,&quot;rating&quot;:&quot;Universal&quot;},{&quot;id&quot;:9,&quot;name&quot;:&quot;Final Fantasy VII&quot;,&quot;releaseDate&quot;:&quot;1997-08-20 23:59:59&quot;,&quot;reviewScore&quot;:97,&quot;category&quot;:&quot;RPG&quot;,&quot;rating&quot;:&quot;PG-13&quot;},{&quot;id&quot;:10,&quot;name&quot;:&quot;Grand Theft Auto III&quot;,&quot;releaseDate&quot;:&quot;2001-04-23 23:59:59&quot;,&quot;reviewScore&quot;:90,&quot;category&quot;:&quot;Driving&quot;,&quot;rating&quot;:&quot;Mature&quot;}]]" type="java.lang.AssertionError">java.lang.AssertionError: expected [Video game deleted	] but found [[{"id":1,"name":"Resident Evil 4","releaseDate":"2005-10-01 23:59:59","reviewScore":85,"category":"Shooter","rating":"Universal"},{"id":2,"name":"Gran Turismo 3","releaseDate":"2001-03-10 23:59:59","reviewScore":91,"category":"Driving","rating":"Universal"},{"id":3,"name":"Tetris","releaseDate":"1984-06-25 23:59:59","reviewScore":88,"category":"Puzzle","rating":"Universal"},{"id":4,"name":"Super Mario 64","releaseDate":"1996-10-20 23:59:59","reviewScore":90,"category":"Platform","rating":"Universal"},{"id":5,"name":"The Legend of Zelda: Ocarina of Time","releaseDate":"1998-12-10 23:59:59","reviewScore":93,"category":"Adventure","rating":"PG-13"},{"id":6,"name":"Doom","releaseDate":"1993-02-18 23:59:59","reviewScore":81,"category":"Shooter","rating":"Mature"},{"id":7,"name":"Minecraft","releaseDate":"2011-12-05 23:59:59","reviewScore":77,"category":"Puzzle","rating":"Universal"},{"id":8,"name":"SimCity 2000","releaseDate":"1994-09-11 23:59:59","reviewScore":88,"category":"Strategy","rating":"Universal"},{"id":9,"name":"Final Fantasy VII","releaseDate":"1997-08-20 23:59:59","reviewScore":97,"category":"RPG","rating":"PG-13"},{"id":10,"name":"Grand Theft Auto III","releaseDate":"2001-04-23 23:59:59","reviewScore":90,"category":"Driving","rating":"Mature"}]]
	at com.videogamedb.testcase.TC05_DELETE.testDeleteVideoGame(TC05_DELETE.java:29)
</failure>
    <system-out><![CDATA[Request method:	GET
Request URI:	https://www.videogamedb.uk:443/api/videogame
Proxy:			<none>
Request params:	<none>
Query params:	<none>
Form params:	<none>
Path params:	<none>
Headers:		Accept=*/*
				Content-Type=application/json
Cookies:		<none>
Multiparts:		<none>
Body:			<none>
]]></system-out>
  </testcase>
</testsuite>